<?xml version="1.0" encoding="UTF-8"?>
<!-- Generated by org.testng.reporters.JUnitReportReporter -->
<testsuite skipped="0" hostname="DESKTOP-NHL93KS" name="com.ibm.pom.tests.AlertsTest" tests="1" failures="0" timestamp="2020-10-16T11:59:50 IST" time="2.816" errors="0">
  <testcase name="triggerSimpleAlert" time="2.816" classname="com.ibm.pom.tests.AlertsTest"/>
  <system-out/>
</testsuite> <!-- com.ibm.pom.tests.AlertsTest -->
